11:33:16 **** Build of configuration x86_64-debug for project X1_Node ****
make -j4 all 
qcc -Vgcc_ntox86_64 -c -Wp,-MMD,build/x86_64-debug/src/X1_Node.d,-MT,build/x86_64-debug/src/X1_Node.o -o build/x86_64-debug/src/X1_Node.o -I ../../include/ -Wall -fmessage-length=0 -g -O0 -fno-builtin  src/X1_Node.c
src/X1_Node.c: In function 'send_current_state':
src/X1_Node.c:9:17: warning: variable 'msg' set but not used [-Wunused-but-set-variable]
  message_data_t msg;
                 ^
qcc -Vgcc_ntox86_64 -o build/x86_64-debug/X1_Node   build/x86_64-debug/src/X1_Node.o  
11:33:21 **** Incremental Build of configuration x86_64-debug for project X1_Node ****
make -j4 all 
make: Nothing to be done for 'all'.
11:34:05 **** Incremental Build of configuration x86_64-debug for project X1_Node ****
make -j4 all 
qcc -Vgcc_ntox86_64 -c -Wp,-MMD,build/x86_64-debug/src/X1_Node.d,-MT,build/x86_64-debug/src/X1_Node.o -o build/x86_64-debug/src/X1_Node.o -I ../../include/ -Wall -fmessage-length=0 -g -O0 -fno-builtin  src/X1_Node.c
src/X1_Node.c: In function 'send_current_state':
src/X1_Node.c:9:17: warning: variable 'msg' set but not used [-Wunused-but-set-variable]
  message_data_t msg;
                 ^
qcc -Vgcc_ntox86_64 -o build/x86_64-debug/X1_Node   build/x86_64-debug/src/X1_Node.o  
11:34:28 **** Incremental Build of configuration x86_64-debug for project X1_Node ****
make -j4 all 
qcc -Vgcc_ntox86_64 -c -Wp,-MMD,build/x86_64-debug/src/X1_Node.d,-MT,build/x86_64-debug/src/X1_Node.o -o build/x86_64-debug/src/X1_Node.o -I ../../include/ -Wall -fmessage-length=0 -g -O0 -fno-builtin  src/X1_Node.c
qcc -Vgcc_ntox86_64 -o build/x86_64-debug/X1_Node   build/x86_64-debug/src/X1_Node.o  
11:34:33 **** Incremental Build of configuration x86_64-debug for project X1_Node ****
make -j4 all 
make: Nothing to be done for 'all'.
11:34:43 **** Incremental Build of configuration x86_64-debug for project X1_Node ****
make -j4 all 
qcc -Vgcc_ntox86_64 -c -Wp,-MMD,build/x86_64-debug/src/X1_Node.d,-MT,build/x86_64-debug/src/X1_Node.o -o build/x86_64-debug/src/X1_Node.o -I ../../include/ -Wall -fmessage-length=0 -g -O0 -fno-builtin  src/X1_Node.c
qcc -Vgcc_ntox86_64 -o build/x86_64-debug/X1_Node   build/x86_64-debug/src/X1_Node.o  
