00:14:42 **** Build of configuration x86_64-debug for project software_message_client ****
make -j4 all 
qcc -Vgcc_ntox86_64 -c -Wp,-MMD,build/x86_64-debug/src/software_message_client.d,-MT,build/x86_64-debug/src/software_message_client.o -o build/x86_64-debug/src/software_message_client.o  -Wall -fmessage-length=0 -g -O0 -fno-builtin  src/software_message_client.c
qcc -Vgcc_ntox86_64 -o build/x86_64-debug/software_message_client   build/x86_64-debug/src/software_message_client.o  
00:15:39 **** Incremental Build of configuration x86_64-debug for project software_message_client ****
make -j4 all 
qcc -Vgcc_ntox86_64 -c -Wp,-MMD,build/x86_64-debug/../../include//global_include.d,-MT,build/x86_64-debug/../../include//global_include.o -o build/x86_64-debug/../../include//global_include.o -I ../../include/ -Wall -fmessage-length=0 -g -O0 -fno-builtin  ../../include//global_include.c
qcc -Vgcc_ntox86_64 -o build/x86_64-debug/software_message_client   build/x86_64-debug/src/software_message_client.o build/x86_64-debug/../../include//global_include.o  
00:15:59 **** Incremental Build of configuration x86_64-debug for project software_message_client ****
make -j4 all 
qcc -Vgcc_ntox86_64 -c -Wp,-MMD,build/x86_64-debug/src/software_message_client.d,-MT,build/x86_64-debug/src/software_message_client.o -o build/x86_64-debug/src/software_message_client.o -I ../../include/ -Wall -fmessage-length=0 -g -O0 -fno-builtin  src/software_message_client.c
qcc -Vgcc_ntox86_64 -o build/x86_64-debug/software_message_client   build/x86_64-debug/src/software_message_client.o build/x86_64-debug/../../include//global_include.o  
00:16:38 **** Incremental Build of configuration x86_64-debug for project software_message_client ****
make -j4 all 
qcc -Vgcc_ntox86_64 -c -Wp,-MMD,build/x86_64-debug/src/software_message_client.d,-MT,build/x86_64-debug/src/software_message_client.o -o build/x86_64-debug/src/software_message_client.o -I ../../include/ -Wall -fmessage-length=0 -g -O0 -fno-builtin  src/software_message_client.c
qcc -Vgcc_ntox86_64 -o build/x86_64-debug/software_message_client   build/x86_64-debug/src/software_message_client.o build/x86_64-debug/../../include//global_include.o  
00:16:43 **** Clean-only build of configuration x86_64-debug for project software_message_client ****
make -j4 clean 
rm -fr build/x86_64-debug
00:16:44 **** Build of configuration x86_64-debug for project software_message_client ****
make -j4 all 
qcc -Vgcc_ntox86_64 -c -Wp,-MMD,build/x86_64-debug/src/software_message_client.d,-MT,build/x86_64-debug/src/software_message_client.o -o build/x86_64-debug/src/software_message_client.o -I ../../include/ -Wall -fmessage-length=0 -g -O0 -fno-builtin  src/software_message_client.c
qcc -Vgcc_ntox86_64 -o build/x86_64-debug/software_message_client   build/x86_64-debug/src/software_message_client.o build/x86_64-debug/../../include//global_include.o  
00:21:47 **** Incremental Build of configuration x86_64-debug for project software_message_client ****
make -j4 all 
qcc -Vgcc_ntox86_64 -c -Wp,-MMD,build/x86_64-debug/src/software_message_client.d,-MT,build/x86_64-debug/src/software_message_client.o -o build/x86_64-debug/src/software_message_client.o -I ../../include/ -Wall -fmessage-length=0 -g -O0 -fno-builtin  src/software_message_client.c
src/software_message_client.c: In function 'sensor_send_thread':
src/software_message_client.c:47:8: error: redefinition of 'x'
   char x = getchar();
        ^
src/software_message_client.c:33:8: note: previous definition of 'x' was here
   char x = getchar();
        ^
cc: C:/QNX/qnx700/host/win64/x86_64/usr/lib/gcc/x86_64-pc-nto-qnx7.0.0/5.4.0/cc1 caught signal 1
make: *** [build/x86_64-debug/src/software_message_client.o] Error 1
Makefile:56: recipe for target 'build/x86_64-debug/src/software_message_client.o' failed
00:21:55 **** Incremental Build of configuration x86_64-debug for project software_message_client ****
make -j4 all 
qcc -Vgcc_ntox86_64 -c -Wp,-MMD,build/x86_64-debug/src/software_message_client.d,-MT,build/x86_64-debug/src/software_message_client.o -o build/x86_64-debug/src/software_message_client.o -I ../../include/ -Wall -fmessage-length=0 -g -O0 -fno-builtin  src/software_message_client.c
qcc -Vgcc_ntox86_64 -o build/x86_64-debug/software_message_client   build/x86_64-debug/src/software_message_client.o build/x86_64-debug/../../include//global_include.o  
00:22:14 **** Incremental Build of configuration x86_64-debug for project software_message_client ****
make -j4 all 
make: Nothing to be done for 'all'.
00:23:56 **** Incremental Build of configuration x86_64-debug for project software_message_client ****
make -j4 all 
qcc -Vgcc_ntox86_64 -c -Wp,-MMD,build/x86_64-debug/src/software_message_client.d,-MT,build/x86_64-debug/src/software_message_client.o -o build/x86_64-debug/src/software_message_client.o -I ../../include/ -Wall -fmessage-length=0 -g -O0 -fno-builtin  src/software_message_client.c
qcc -Vgcc_ntox86_64 -o build/x86_64-debug/software_message_client   build/x86_64-debug/src/software_message_client.o build/x86_64-debug/../../include//global_include.o  
00:24:17 **** Incremental Build of configuration x86_64-debug for project software_message_client ****
make -j4 all 
qcc -Vgcc_ntox86_64 -c -Wp,-MMD,build/x86_64-debug/src/software_message_client.d,-MT,build/x86_64-debug/src/software_message_client.o -o build/x86_64-debug/src/software_message_client.o -I ../../include/ -Wall -fmessage-length=0 -g -O0 -fno-builtin  src/software_message_client.c
qcc -Vgcc_ntox86_64 -o build/x86_64-debug/software_message_client   build/x86_64-debug/src/software_message_client.o build/x86_64-debug/../../include//global_include.o  
00:32:57 **** Incremental Build of configuration x86_64-debug for project software_message_client ****
make -j4 all 
qcc -Vgcc_ntox86_64 -c -Wp,-MMD,build/x86_64-debug/src/software_message_client.d,-MT,build/x86_64-debug/src/software_message_client.o -o build/x86_64-debug/src/software_message_client.o -I ../../include/ -Wall -fmessage-length=0 -g -O0 -fno-builtin  src/software_message_client.c
qcc -Vgcc_ntox86_64 -o build/x86_64-debug/software_message_client   build/x86_64-debug/src/software_message_client.o build/x86_64-debug/../../include//global_include.o  
00:33:45 **** Incremental Build of configuration x86_64-debug for project software_message_client ****
make -j4 all 
qcc -Vgcc_ntox86_64 -c -Wp,-MMD,build/x86_64-debug/src/software_message_client.d,-MT,build/x86_64-debug/src/software_message_client.o -o build/x86_64-debug/src/software_message_client.o -I ../../include/ -Wall -fmessage-length=0 -g -O0 -fno-builtin  src/software_message_client.c
qcc -Vgcc_ntox86_64 -o build/x86_64-debug/software_message_client   build/x86_64-debug/src/software_message_client.o build/x86_64-debug/../../include//global_include.o  
00:38:14 **** Incremental Build of configuration x86_64-debug for project software_message_client ****
make -j4 all 
qcc -Vgcc_ntox86_64 -c -Wp,-MMD,build/x86_64-debug/src/software_message_client.d,-MT,build/x86_64-debug/src/software_message_client.o -o build/x86_64-debug/src/software_message_client.o -I ../../include/ -Wall -fmessage-length=0 -g -O0 -fno-builtin  src/software_message_client.c
qcc -Vgcc_ntox86_64 -o build/x86_64-debug/software_message_client   build/x86_64-debug/src/software_message_client.o build/x86_64-debug/../../include//global_include.o  
00:39:51 **** Incremental Build of configuration x86_64-debug for project software_message_client ****
make -j4 all 
qcc -Vgcc_ntox86_64 -c -Wp,-MMD,build/x86_64-debug/src/software_message_client.d,-MT,build/x86_64-debug/src/software_message_client.o -o build/x86_64-debug/src/software_message_client.o -I ../../include/ -Wall -fmessage-length=0 -g -O0 -fno-builtin  src/software_message_client.c
qcc -Vgcc_ntox86_64 -o build/x86_64-debug/software_message_client   build/x86_64-debug/src/software_message_client.o build/x86_64-debug/../../include//global_include.o  
00:44:46 **** Incremental Build of configuration x86_64-debug for project software_message_client ****
make -j4 all 
qcc -Vgcc_ntox86_64 -c -Wp,-MMD,build/x86_64-debug/src/software_message_client.d,-MT,build/x86_64-debug/src/software_message_client.o -o build/x86_64-debug/src/software_message_client.o -I ../../include/ -Wall -fmessage-length=0 -g -O0 -fno-builtin  src/software_message_client.c
qcc -Vgcc_ntox86_64 -c -Wp,-MMD,build/x86_64-debug/../../include//global_include.d,-MT,build/x86_64-debug/../../include//global_include.o -o build/x86_64-debug/../../include//global_include.o -I ../../include/ -Wall -fmessage-length=0 -g -O0 -fno-builtin  ../../include//global_include.c
qcc -Vgcc_ntox86_64 -o build/x86_64-debug/software_message_client   build/x86_64-debug/src/software_message_client.o build/x86_64-debug/../../include//global_include.o  
00:45:15 **** Incremental Build of configuration x86_64-debug for project software_message_client ****
make -j4 all 
qcc -Vgcc_ntox86_64 -c -Wp,-MMD,build/x86_64-debug/src/software_message_client.d,-MT,build/x86_64-debug/src/software_message_client.o -o build/x86_64-debug/src/software_message_client.o -I ../../include/ -Wall -fmessage-length=0 -g -O0 -fno-builtin  src/software_message_client.c
qcc -Vgcc_ntox86_64 -o build/x86_64-debug/software_message_client   build/x86_64-debug/src/software_message_client.o build/x86_64-debug/../../include//global_include.o  
00:46:30 **** Incremental Build of configuration x86_64-debug for project software_message_client ****
make -j4 all 
qcc -Vgcc_ntox86_64 -c -Wp,-MMD,build/x86_64-debug/../../include//global_include.d,-MT,build/x86_64-debug/../../include//global_include.o -o build/x86_64-debug/../../include//global_include.o -I ../../include/ -Wall -fmessage-length=0 -g -O0 -fno-builtin  ../../include//global_include.c
qcc -Vgcc_ntox86_64 -o build/x86_64-debug/software_message_client   build/x86_64-debug/src/software_message_client.o build/x86_64-debug/../../include//global_include.o  
00:46:46 **** Incremental Build of configuration x86_64-debug for project software_message_client ****
make -j4 all 
make: Nothing to be done for 'all'.
00:49:20 **** Incremental Build of configuration x86_64-debug for project software_message_client ****
make -j4 all 
make: Nothing to be done for 'all'.
00:49:46 **** Clean-only build of configuration x86_64-debug for project software_message_client ****
make -j4 clean 
rm -fr build/x86_64-debug
00:49:50 **** Build of configuration x86_64-debug for project software_message_client ****
make -j4 all 
qcc -Vgcc_ntox86_64 -c -Wp,-MMD,build/x86_64-debug/src/software_message_client.d,-MT,build/x86_64-debug/src/software_message_client.o -o build/x86_64-debug/src/software_message_client.o -I ../../include/ -Wall -fmessage-length=0 -g -O0 -fno-builtin  src/software_message_client.c
qcc -Vgcc_ntox86_64 -o build/x86_64-debug/software_message_client   build/x86_64-debug/src/software_message_client.o build/x86_64-debug/../../include//global_include.o  
00:49:53 **** Incremental Build of configuration x86_64-debug for project software_message_client ****
make -j4 all 
make: Nothing to be done for 'all'.
00:52:11 **** Incremental Build of configuration x86_64-debug for project software_message_client ****
make -j4 all 
qcc -Vgcc_ntox86_64 -c -Wp,-MMD,build/x86_64-debug/src/software_message_client.d,-MT,build/x86_64-debug/src/software_message_client.o -o build/x86_64-debug/src/software_message_client.o -I ../../include/ -Wall -fmessage-length=0 -g -O0 -fno-builtin  src/software_message_client.c
qcc -Vgcc_ntox86_64 -o build/x86_64-debug/software_message_client   build/x86_64-debug/src/software_message_client.o build/x86_64-debug/../../include//global_include.o  
00:52:14 **** Incremental Build of configuration x86_64-debug for project software_message_client ****
make -j4 all 
make: Nothing to be done for 'all'.
00:53:17 **** Incremental Build of configuration x86_64-debug for project software_message_client ****
make -j4 all 
qcc -Vgcc_ntox86_64 -c -Wp,-MMD,build/x86_64-debug/../../include//global_include.d,-MT,build/x86_64-debug/../../include//global_include.o -o build/x86_64-debug/../../include//global_include.o -I ../../include/ -Wall -fmessage-length=0 -g -O0 -fno-builtin  ../../include//global_include.c
qcc -Vgcc_ntox86_64 -o build/x86_64-debug/software_message_client   build/x86_64-debug/src/software_message_client.o build/x86_64-debug/../../include//global_include.o  
00:53:28 **** Incremental Build of configuration x86_64-debug for project software_message_client ****
make -j4 all 
make: Nothing to be done for 'all'.
00:54:34 **** Incremental Build of configuration x86_64-debug for project software_message_client ****
make -j4 all 
qcc -Vgcc_ntox86_64 -c -Wp,-MMD,build/x86_64-debug/src/software_message_client.d,-MT,build/x86_64-debug/src/software_message_client.o -o build/x86_64-debug/src/software_message_client.o -I ../../include/ -Wall -fmessage-length=0 -g -O0 -fno-builtin  src/software_message_client.c
qcc -Vgcc_ntox86_64 -o build/x86_64-debug/software_message_client   build/x86_64-debug/src/software_message_client.o build/x86_64-debug/../../include//global_include.o  
00:55:19 **** Incremental Build of configuration x86_64-debug for project software_message_client ****
make -j4 all 
qcc -Vgcc_ntox86_64 -c -Wp,-MMD,build/x86_64-debug/src/software_message_client.d,-MT,build/x86_64-debug/src/software_message_client.o -o build/x86_64-debug/src/software_message_client.o -I ../../include/ -Wall -fmessage-length=0 -g -O0 -fno-builtin  src/software_message_client.c
qcc -Vgcc_ntox86_64 -o build/x86_64-debug/software_message_client   build/x86_64-debug/src/software_message_client.o build/x86_64-debug/../../include//global_include.o  
00:55:43 **** Incremental Build of configuration x86_64-debug for project software_message_client ****
make -j4 all 
qcc -Vgcc_ntox86_64 -c -Wp,-MMD,build/x86_64-debug/src/software_message_client.d,-MT,build/x86_64-debug/src/software_message_client.o -o build/x86_64-debug/src/software_message_client.o -I ../../include/ -Wall -fmessage-length=0 -g -O0 -fno-builtin  src/software_message_client.c
qcc -Vgcc_ntox86_64 -o build/x86_64-debug/software_message_client   build/x86_64-debug/src/software_message_client.o build/x86_64-debug/../../include//global_include.o  
00:55:47 **** Incremental Build of configuration x86_64-debug for project software_message_client ****
make -j4 all 
make: Nothing to be done for 'all'.
00:56:23 **** Incremental Build of configuration x86_64-debug for project software_message_client ****
make -j4 all 
qcc -Vgcc_ntox86_64 -c -Wp,-MMD,build/x86_64-debug/src/software_message_client.d,-MT,build/x86_64-debug/src/software_message_client.o -o build/x86_64-debug/src/software_message_client.o -I ../../include/ -Wall -fmessage-length=0 -g -O0 -fno-builtin  src/software_message_client.c
qcc -Vgcc_ntox86_64 -o build/x86_64-debug/software_message_client   build/x86_64-debug/src/software_message_client.o build/x86_64-debug/../../include//global_include.o  
00:58:40 **** Incremental Build of configuration x86_64-debug for project software_message_client ****
make -j4 all 
qcc -Vgcc_ntox86_64 -c -Wp,-MMD,build/x86_64-debug/src/software_message_client.d,-MT,build/x86_64-debug/src/software_message_client.o -o build/x86_64-debug/src/software_message_client.o -I ../../include/ -Wall -fmessage-length=0 -g -O0 -fno-builtin  src/software_message_client.c
qcc -Vgcc_ntox86_64 -c -Wp,-MMD,build/x86_64-debug/../../include//global_include.d,-MT,build/x86_64-debug/../../include//global_include.o -o build/x86_64-debug/../../include//global_include.o -I ../../include/ -Wall -fmessage-length=0 -g -O0 -fno-builtin  ../../include//global_include.c
qcc -Vgcc_ntox86_64 -o build/x86_64-debug/software_message_client   build/x86_64-debug/src/software_message_client.o build/x86_64-debug/../../include//global_include.o  
02:20:04 **** Incremental Build of configuration x86_64-debug for project software_message_client ****
make -j4 all 
qcc -Vgcc_ntox86_64 -c -Wp,-MMD,build/x86_64-debug/../../include//global_include.d,-MT,build/x86_64-debug/../../include//global_include.o -o build/x86_64-debug/../../include//global_include.o -I ../../include/ -Wall -fmessage-length=0 -g -O0 -fno-builtin  ../../include//global_include.c
qcc -Vgcc_ntox86_64 -c -Wp,-MMD,build/x86_64-debug/src/software_message_client.d,-MT,build/x86_64-debug/src/software_message_client.o -o build/x86_64-debug/src/software_message_client.o -I ../../include/ -Wall -fmessage-length=0 -g -O0 -fno-builtin  src/software_message_client.c
qcc -Vgcc_ntox86_64 -o build/x86_64-debug/software_message_client   build/x86_64-debug/src/software_message_client.o build/x86_64-debug/../../include//global_include.o  
02:24:32 **** Clean-only build of configuration x86_64-debug for project software_message_client ****
make -j4 clean 
rm -fr build/x86_64-debug
02:24:33 **** Build of configuration x86_64-debug for project software_message_client ****
make -j4 all 
qcc -Vgcc_ntox86_64 -c -Wp,-MMD,build/x86_64-debug/src/software_message_client.d,-MT,build/x86_64-debug/src/software_message_client.o -o build/x86_64-debug/src/software_message_client.o -I ../../include/ -Wall -fmessage-length=0 -g -O0 -fno-builtin  src/software_message_client.c
qcc -Vgcc_ntox86_64 -o build/x86_64-debug/software_message_client   build/x86_64-debug/src/software_message_client.o build/x86_64-debug/../../include//global_include.o  
02:24:35 **** Incremental Build of configuration x86_64-debug for project software_message_client ****
make -j4 all 
make: Nothing to be done for 'all'.
00:44:42 **** Incremental Build of configuration x86_64-debug for project software_message_client ****
make -j4 all 
qcc -Vgcc_ntox86_64 -c -Wp,-MMD,build/x86_64-debug/src/software_message_client.d,-MT,build/x86_64-debug/src/software_message_client.o -o build/x86_64-debug/src/software_message_client.o -I ../../include/ -Wall -fmessage-length=0 -g -O0 -fno-builtin  src/software_message_client.c
qcc -Vgcc_ntox86_64 -c -Wp,-MMD,build/x86_64-debug/../../include//global_include.d,-MT,build/x86_64-debug/../../include//global_include.o -o build/x86_64-debug/../../include//global_include.o -I ../../include/ -Wall -fmessage-length=0 -g -O0 -fno-builtin  ../../include//global_include.c
qcc -Vgcc_ntox86_64 -o build/x86_64-debug/software_message_client   build/x86_64-debug/src/software_message_client.o build/x86_64-debug/../../include//global_include.o  
00:44:44 **** Incremental Build of configuration x86_64-debug for project software_message_client ****
make -j4 all 
make: Nothing to be done for 'all'.
00:48:56 **** Incremental Build of configuration x86_64-debug for project software_message_client ****
make -j4 all 
qcc -Vgcc_ntox86_64 -c -Wp,-MMD,build/x86_64-debug/src/software_message_client.d,-MT,build/x86_64-debug/src/software_message_client.o -o build/x86_64-debug/src/software_message_client.o -I ../../include/ -Wall -fmessage-length=0 -g -O0 -fno-builtin  src/software_message_client.c
qcc -Vgcc_ntox86_64 -o build/x86_64-debug/software_message_client   build/x86_64-debug/src/software_message_client.o build/x86_64-debug/../../include//global_include.o  
00:49:35 **** Incremental Build of configuration x86_64-debug for project software_message_client ****
make -j4 all 
make: Nothing to be done for 'all'.
