11:37:00 **** Incremental Build of configuration x86_64-debug for project timer ****
make -j4 all 
qcc -Vgcc_ntox86_64 -c -Wp,-MMD,build/x86_64-debug/src/timer.d,-MT,build/x86_64-debug/src/timer.o -o build/x86_64-debug/src/timer.o  -Wall -fmessage-length=0 -g -O0 -fno-builtin  src/timer.c
src/timer.c: In function 'main':
src/timer.c:62:12: warning: passing argument 1 of 'printf' from incompatible pointer type [-Wincompatible-pointer-types]
     printf(stderr, "%s:  couldn't ConnectAttach to self!\n", progname);
            ^
In file included from src/timer.c:11:0:
C:/QNX/qnx700/target/qnx7/usr/include/stdio.h:176:12: note: expected 'const char *' but argument is of type 'FILE * {aka struct _Filet *}'
 extern int printf(const char *__format, ...);
            ^
src/timer.c:68:2: warning: implicit declaration of function 'pthread_getschedparam' [-Wimplicit-function-declaration]
  pthread_getschedparam(pthread_self(), NULL, &th_param);
  ^
src/timer.c:68:24: warning: implicit declaration of function 'pthread_self' [-Wimplicit-function-declaration]
  pthread_getschedparam(pthread_self(), NULL, &th_param);
                        ^
src/timer.c:76:13: warning: passing argument 1 of 'printf' from incompatible pointer type [-Wincompatible-pointer-types]
     printf (stderr, "%s:  couldn't create a timer, errno %d\n", progname, errno);
             ^
In file included from src/timer.c:11:0:
C:/QNX/qnx700/target/qnx7/usr/include/stdio.h:176:12: note: expected 'const char *' but argument is of type 'FILE * {aka struct _Filet *}'
 extern int printf(const char *__format, ...);
            ^
qcc -Vgcc_ntox86_64 -o build/x86_64-debug/timer   build/x86_64-debug/src/timer.o  

11:37:00 Build Finished (took 253ms)

